# JRE version: Java(TM) SE Runtime Environment (8.0_391) (build 1.8.0_391-b13)
# Java VM: Java HotSpot(TM) 64-Bit Server VM (25.391-b13 mixed mode windows-amd64 compressed oops)
Heap:
 PSYoungGen      total 68096K, used 57664K [0x00000000eb200000, 0x00000000f3700000, 0x0000000100000000)
  eden space 60928K, 94% used [0x00000000eb200000,0x00000000eea50110,0x00000000eed80000)
  from space 7168K, 0% used [0x00000000eed80000,0x00000000eed80000,0x00000000ef480000)
  to   space 7168K, 0% used [0x00000000f3000000,0x00000000f3000000,0x00000000f3700000)
 ParOldGen       total 36864K, used 9900K [0x00000000c1600000, 0x00000000c3a00000, 0x00000000eb200000)
  object space 36864K, 26% used [0x00000000c1600000,0x00000000c1fab0e0,0x00000000c3a00000)
 Metaspace       used 24432K, capacity 25364K, committed 25600K, reserved 1071104K
  class space    used 3031K, capacity 3248K, committed 3328K, reserved 1048576K
GC Heap History (10 events):
Event: 2.545 GC heap before
{Heap before GC invocations=4 (full 0):
 PSYoungGen      total 18944K, used 18928K [0x00000000eb200000, 0x00000000ed500000, 0x0000000100000000)
  eden space 16384K, 100% used [0x00000000eb200000,0x00000000ec200000,0x00000000ec200000)
  from space 2560K, 99% used [0x00000000ec200000,0x00000000ec47c010,0x00000000ec480000)
  to   space 2560K, 0% used [0x00000000ed280000,0x00000000ed280000,0x00000000ed500000)
 ParOldGen       total 44032K, used 2607K [0x00000000c1600000, 0x00000000c4100000, 0x00000000eb200000)
  object space 44032K, 5% used [0x00000000c1600000,0x00000000c188bde0,0x00000000c4100000)
 Metaspace       used 11897K, capacity 12156K, committed 12416K, reserved 1060864K
  class space    used 1299K, capacity 1398K, committed 1408K, reserved 1048576K
Event: 2.552 GC heap after
Heap after GC invocations=4 (full 0):
 PSYoungGen      total 33280K, used 2531K [0x00000000eb200000, 0x00000000ed700000, 0x0000000100000000)
  eden space 30720K, 0% used [0x00000000eb200000,0x00000000eb200000,0x00000000ed000000)
  from space 2560K, 98% used [0x00000000ed280000,0x00000000ed4f8f78,0x00000000ed500000)
  to   space 2560K, 0% used [0x00000000ed000000,0x00000000ed000000,0x00000000ed280000)
 ParOldGen       total 44032K, used 3586K [0x00000000c1600000, 0x00000000c4100000, 0x00000000eb200000)
  object space 44032K, 8% used [0x00000000c1600000,0x00000000c1980b88,0x00000000c4100000)
 Metaspace       used 11897K, capacity 12156K, committed 12416K, reserved 1060864K
  class space    used 1299K, capacity 1398K, committed 1408K, reserved 1048576K
}
Event: 3.057 GC heap before
{Heap before GC invocations=5 (full 0):
 PSYoungGen      total 33280K, used 33251K [0x00000000eb200000, 0x00000000ed700000, 0x0000000100000000)
  eden space 30720K, 100% used [0x00000000eb200000,0x00000000ed000000,0x00000000ed000000)
  from space 2560K, 98% used [0x00000000ed280000,0x00000000ed4f8f78,0x00000000ed500000)
  to   space 2560K, 0% used [0x00000000ed000000,0x00000000ed000000,0x00000000ed280000)
 ParOldGen       total 44032K, used 3586K [0x00000000c1600000, 0x00000000c4100000, 0x00000000eb200000)
  object space 44032K, 8% used [0x00000000c1600000,0x00000000c1980b88,0x00000000c4100000)
 Metaspace       used 14535K, capacity 14904K, committed 15104K, reserved 1062912K
  class space    used 1655K, capacity 1780K, committed 1792K, reserved 1048576K
Event: 3.069 GC heap after
Heap after GC invocations=5 (full 0):
 PSYoungGen      total 33280K, used 2531K [0x00000000eb200000, 0x00000000efb00000, 0x0000000100000000)
  eden space 30720K, 0% used [0x00000000eb200000,0x00000000eb200000,0x00000000ed000000)
  from space 2560K, 98% used [0x00000000ed000000,0x00000000ed278fa8,0x00000000ed280000)
  to   space 6656K, 0% used [0x00000000ef480000,0x00000000ef480000,0x00000000efb00000)
 ParOldGen       total 44032K, used 7129K [0x00000000c1600000, 0x00000000c4100000, 0x00000000eb200000)
  object space 44032K, 16% used [0x00000000c1600000,0x00000000c1cf64c0,0x00000000c4100000)
 Metaspace       used 14535K, capacity 14904K, committed 15104K, reserved 1062912K
  class space    used 1655K, capacity 1780K, committed 1792K, reserved 1048576K
}
Event: 3.942 GC heap before
{Heap before GC invocations=6 (full 0):
 PSYoungGen      total 33280K, used 33251K [0x00000000eb200000, 0x00000000efb00000, 0x0000000100000000)
  eden space 30720K, 100% used [0x00000000eb200000,0x00000000ed000000,0x00000000ed000000)
  from space 2560K, 98% used [0x00000000ed000000,0x00000000ed278fa8,0x00000000ed280000)
  to   space 6656K, 0% used [0x00000000ef480000,0x00000000ef480000,0x00000000efb00000)
 ParOldGen       total 44032K, used 7129K [0x00000000c1600000, 0x00000000c4100000, 0x00000000eb200000)
  object space 44032K, 16% used [0x00000000c1600000,0x00000000c1cf64c0,0x00000000c4100000)
 Metaspace       used 17785K, capacity 18148K, committed 18432K, reserved 1064960K
  class space    used 2064K, capacity 2198K, committed 2304K, reserved 1048576K
Event: 3.951 GC heap after
Heap after GC invocations=6 (full 0):
 PSYoungGen      total 67584K, used 5308K [0x00000000eb200000, 0x00000000efc00000, 0x0000000100000000)
  eden space 60928K, 0% used [0x00000000eb200000,0x00000000eb200000,0x00000000eed80000)
  from space 6656K, 79% used [0x00000000ef480000,0x00000000ef9af018,0x00000000efb00000)
  to   space 7168K, 0% used [0x00000000eed80000,0x00000000eed80000,0x00000000ef480000)
 ParOldGen       total 44032K, used 7137K [0x00000000c1600000, 0x00000000c4100000, 0x00000000eb200000)
  object space 44032K, 16% used [0x00000000c1600000,0x00000000c1cf84c0,0x00000000c4100000)
 Metaspace       used 17785K, capacity 18148K, committed 18432K, reserved 1064960K
  class space    used 2064K, capacity 2198K, committed 2304K, reserved 1048576K
}
Event: 4.488 GC heap before
{Heap before GC invocations=7 (full 0):
 PSYoungGen      total 67584K, used 35196K [0x00000000eb200000, 0x00000000efc00000, 0x0000000100000000)
  eden space 60928K, 49% used [0x00000000eb200000,0x00000000ecf30118,0x00000000eed80000)
  from space 6656K, 79% used [0x00000000ef480000,0x00000000ef9af018,0x00000000efb00000)
  to   space 7168K, 0% used [0x00000000eed80000,0x00000000eed80000,0x00000000ef480000)
 ParOldGen       total 44032K, used 7137K [0x00000000c1600000, 0x00000000c4100000, 0x00000000eb200000)
  object space 44032K, 16% used [0x00000000c1600000,0x00000000c1cf84c0,0x00000000c4100000)
 Metaspace       used 20536K, capacity 21288K, committed 21296K, reserved 1069056K
  class space    used 2481K, capacity 2686K, committed 2688K, reserved 1048576K
Event: 4.495 GC heap after
Heap after GC invocations=7 (full 0):
 PSYoungGen      total 68096K, used 4851K [0x00000000eb200000, 0x00000000f3700000, 0x0000000100000000)
  eden space 60928K, 0% used [0x00000000eb200000,0x00000000eb200000,0x00000000eed80000)
  from space 7168K, 67% used [0x00000000eed80000,0x00000000ef23ce30,0x00000000ef480000)
  to   space 7168K, 0% used [0x00000000f3000000,0x00000000f3000000,0x00000000f3700000)
 ParOldGen       total 44032K, used 7929K [0x00000000c1600000, 0x00000000c4100000, 0x00000000eb200000)
  object space 44032K, 18% used [0x00000000c1600000,0x00000000c1dbe4c8,0x00000000c4100000)
 Metaspace       used 20536K, capacity 21288K, committed 21296K, reserved 1069056K
  class space    used 2481K, capacity 2686K, committed 2688K, reserved 1048576K
}
Event: 4.495 GC heap before
{Heap before GC invocations=8 (full 1):
 PSYoungGen      total 68096K, used 4851K [0x00000000eb200000, 0x00000000f3700000, 0x0000000100000000)
  eden space 60928K, 0% used [0x00000000eb200000,0x00000000eb200000,0x00000000eed80000)
  from space 7168K, 67% used [0x00000000eed80000,0x00000000ef23ce30,0x00000000ef480000)
  to   space 7168K, 0% used [0x00000000f3000000,0x00000000f3000000,0x00000000f3700000)
 ParOldGen       total 44032K, used 7929K [0x00000000c1600000, 0x00000000c4100000, 0x00000000eb200000)
  object space 44032K, 18% used [0x00000000c1600000,0x00000000c1dbe4c8,0x00000000c4100000)
 Metaspace       used 20536K, capacity 21288K, committed 21296K, reserved 1069056K
  class space    used 2481K, capacity 2686K, committed 2688K, reserved 1048576K
Event: 4.541 GC heap after
Heap after GC invocations=8 (full 1):
 PSYoungGen      total 68096K, used 0K [0x00000000eb200000, 0x00000000f3700000, 0x0000000100000000)
  eden space 60928K, 0% used [0x00000000eb200000,0x00000000eb200000,0x00000000eed80000)
  from space 7168K, 0% used [0x00000000eed80000,0x00000000eed80000,0x00000000ef480000)
  to   space 7168K, 0% used [0x00000000f3000000,0x00000000f3000000,0x00000000f3700000)
 ParOldGen       total 36864K, used 9900K [0x00000000c1600000, 0x00000000c3a00000, 0x00000000eb200000)
  object space 36864K, 26% used [0x00000000c1600000,0x00000000c1fab0e0,0x00000000c3a00000)
 Metaspace       used 20536K, capacity 21288K, committed 21296K, reserved 1069056K
  class space    used 2481K, capacity 2686K, committed 2688K, reserved 1048576K
}

