# JRE version: Java(TM) SE Runtime Environment (8.0_391) (build 1.8.0_391-b13)
# Java VM: Java HotSpot(TM) 64-Bit Server VM (25.391-b13 mixed mode windows-amd64 compressed oops)
Heap:
 PSYoungGen      total 36864K, used 31570K [0x00000000eb200000, 0x00000000eeb00000, 0x0000000100000000)
  eden space 31232K, 83% used [0x00000000eb200000,0x00000000ecb5aba0,0x00000000ed080000)
  from space 5632K, 99% used [0x00000000ed680000,0x00000000edbf9e78,0x00000000edc00000)
  to   space 6144K, 0% used [0x00000000ed080000,0x00000000ed080000,0x00000000ed680000)
 ParOldGen       total 30720K, used 8240K [0x00000000c1600000, 0x00000000c3400000, 0x00000000eb200000)
  object space 30720K, 26% used [0x00000000c1600000,0x00000000c1e0c2b0,0x00000000c3400000)
 Metaspace       used 24343K, capacity 25356K, committed 25600K, reserved 1071104K
  class space    used 3025K, capacity 3246K, committed 3328K, reserved 1048576K
GC Heap History (10 events):
Event: 8.037 GC heap before
{Heap before GC invocations=7 (full 0):
 PSYoungGen      total 20480K, used 20340K [0x00000000eb200000, 0x00000000ed380000, 0x0000000100000000)
  eden space 16384K, 100% used [0x00000000eb200000,0x00000000ec200000,0x00000000ec200000)
  from space 4096K, 96% used [0x00000000ecf80000,0x00000000ed35d2c8,0x00000000ed380000)
  to   space 5632K, 0% used [0x00000000ec880000,0x00000000ec880000,0x00000000ece00000)
 ParOldGen       total 44032K, used 5919K [0x00000000c1600000, 0x00000000c4100000, 0x00000000eb200000)
  object space 44032K, 13% used [0x00000000c1600000,0x00000000c1bc7eb0,0x00000000c4100000)
 Metaspace       used 16432K, capacity 16804K, committed 16896K, reserved 1064960K
  class space    used 1891K, capacity 2006K, committed 2048K, reserved 1048576K
Event: 8.042 GC heap after
Heap after GC invocations=7 (full 0):
 PSYoungGen      total 28672K, used 3263K [0x00000000eb200000, 0x00000000edd00000, 0x0000000100000000)
  eden space 23040K, 0% used [0x00000000eb200000,0x00000000eb200000,0x00000000ec880000)
  from space 5632K, 57% used [0x00000000ec880000,0x00000000ecbafc08,0x00000000ece00000)
  to   space 5632K, 0% used [0x00000000ed780000,0x00000000ed780000,0x00000000edd00000)
 ParOldGen       total 44032K, used 6891K [0x00000000c1600000, 0x00000000c4100000, 0x00000000eb200000)
  object space 44032K, 15% used [0x00000000c1600000,0x00000000c1cbaea8,0x00000000c4100000)
 Metaspace       used 16432K, capacity 16804K, committed 16896K, reserved 1064960K
  class space    used 1891K, capacity 2006K, committed 2048K, reserved 1048576K
}
Event: 8.694 GC heap before
{Heap before GC invocations=8 (full 0):
 PSYoungGen      total 28672K, used 26303K [0x00000000eb200000, 0x00000000edd00000, 0x0000000100000000)
  eden space 23040K, 100% used [0x00000000eb200000,0x00000000ec880000,0x00000000ec880000)
  from space 5632K, 57% used [0x00000000ec880000,0x00000000ecbafc08,0x00000000ece00000)
  to   space 5632K, 0% used [0x00000000ed780000,0x00000000ed780000,0x00000000edd00000)
 ParOldGen       total 44032K, used 6891K [0x00000000c1600000, 0x00000000c4100000, 0x00000000eb200000)
  object space 44032K, 15% used [0x00000000c1600000,0x00000000c1cbaea8,0x00000000c4100000)
 Metaspace       used 18634K, capacity 19042K, committed 19328K, reserved 1067008K
  class space    used 2197K, capacity 2319K, committed 2432K, reserved 1048576K
Event: 8.700 GC heap after
Heap after GC invocations=8 (full 0):
 PSYoungGen      total 38400K, used 3395K [0x00000000eb200000, 0x00000000eea00000, 0x0000000100000000)
  eden space 32768K, 0% used [0x00000000eb200000,0x00000000eb200000,0x00000000ed200000)
  from space 5632K, 60% used [0x00000000ed780000,0x00000000edad0e60,0x00000000edd00000)
  to   space 5632K, 0% used [0x00000000ed200000,0x00000000ed200000,0x00000000ed780000)
 ParOldGen       total 44032K, used 7963K [0x00000000c1600000, 0x00000000c4100000, 0x00000000eb200000)
  object space 44032K, 18% used [0x00000000c1600000,0x00000000c1dc6ea8,0x00000000c4100000)
 Metaspace       used 18634K, capacity 19042K, committed 19328K, reserved 1067008K
  class space    used 2197K, capacity 2319K, committed 2432K, reserved 1048576K
}
Event: 10.255 GC heap before
{Heap before GC invocations=9 (full 0):
 PSYoungGen      total 38400K, used 21626K [0x00000000eb200000, 0x00000000eea00000, 0x0000000100000000)
  eden space 32768K, 55% used [0x00000000eb200000,0x00000000ec3cdd68,0x00000000ed200000)
  from space 5632K, 60% used [0x00000000ed780000,0x00000000edad0e60,0x00000000edd00000)
  to   space 5632K, 0% used [0x00000000ed200000,0x00000000ed200000,0x00000000ed780000)
 ParOldGen       total 44032K, used 7963K [0x00000000c1600000, 0x00000000c4100000, 0x00000000eb200000)
  object space 44032K, 18% used [0x00000000c1600000,0x00000000c1dc6ea8,0x00000000c4100000)
 Metaspace       used 20506K, capacity 21288K, committed 21296K, reserved 1069056K
  class space    used 2480K, capacity 2686K, committed 2688K, reserved 1048576K
Event: 10.259 GC heap after
Heap after GC invocations=9 (full 0):
 PSYoungGen      total 34304K, used 2473K [0x00000000eb200000, 0x00000000edc00000, 0x0000000100000000)
  eden space 31744K, 0% used [0x00000000eb200000,0x00000000eb200000,0x00000000ed100000)
  from space 2560K, 96% used [0x00000000ed200000,0x00000000ed46a5f0,0x00000000ed480000)
  to   space 5632K, 0% used [0x00000000ed680000,0x00000000ed680000,0x00000000edc00000)
 ParOldGen       total 44032K, used 8786K [0x00000000c1600000, 0x00000000c4100000, 0x00000000eb200000)
  object space 44032K, 19% used [0x00000000c1600000,0x00000000c1e94bc0,0x00000000c4100000)
 Metaspace       used 20506K, capacity 21288K, committed 21296K, reserved 1069056K
  class space    used 2480K, capacity 2686K, committed 2688K, reserved 1048576K
}
Event: 10.259 GC heap before
{Heap before GC invocations=10 (full 1):
 PSYoungGen      total 34304K, used 2473K [0x00000000eb200000, 0x00000000edc00000, 0x0000000100000000)
  eden space 31744K, 0% used [0x00000000eb200000,0x00000000eb200000,0x00000000ed100000)
  from space 2560K, 96% used [0x00000000ed200000,0x00000000ed46a5f0,0x00000000ed480000)
  to   space 5632K, 0% used [0x00000000ed680000,0x00000000ed680000,0x00000000edc00000)
 ParOldGen       total 44032K, used 8786K [0x00000000c1600000, 0x00000000c4100000, 0x00000000eb200000)
  object space 44032K, 19% used [0x00000000c1600000,0x00000000c1e94bc0,0x00000000c4100000)
 Metaspace       used 20506K, capacity 21288K, committed 21296K, reserved 1069056K
  class space    used 2480K, capacity 2686K, committed 2688K, reserved 1048576K
Event: 10.289 GC heap after
Heap after GC invocations=10 (full 1):
 PSYoungGen      total 34304K, used 0K [0x00000000eb200000, 0x00000000edc00000, 0x0000000100000000)
  eden space 31744K, 0% used [0x00000000eb200000,0x00000000eb200000,0x00000000ed100000)
  from space 2560K, 0% used [0x00000000ed200000,0x00000000ed200000,0x00000000ed480000)
  to   space 5632K, 0% used [0x00000000ed680000,0x00000000ed680000,0x00000000edc00000)
 ParOldGen       total 30720K, used 7767K [0x00000000c1600000, 0x00000000c3400000, 0x00000000eb200000)
  object space 30720K, 25% used [0x00000000c1600000,0x00000000c1d95f78,0x00000000c3400000)
 Metaspace       used 20506K, capacity 21288K, committed 21296K, reserved 1069056K
  class space    used 2480K, capacity 2686K, committed 2688K, reserved 1048576K
}
Event: 16.388 GC heap before
{Heap before GC invocations=11 (full 1):
 PSYoungGen      total 34304K, used 31744K [0x00000000eb200000, 0x00000000edc00000, 0x0000000100000000)
  eden space 31744K, 100% used [0x00000000eb200000,0x00000000ed100000,0x00000000ed100000)
  from space 2560K, 0% used [0x00000000ed200000,0x00000000ed200000,0x00000000ed480000)
  to   space 5632K, 0% used [0x00000000ed680000,0x00000000ed680000,0x00000000edc00000)
 ParOldGen       total 30720K, used 7767K [0x00000000c1600000, 0x00000000c3400000, 0x00000000eb200000)
  object space 30720K, 25% used [0x00000000c1600000,0x00000000c1d95f78,0x00000000c3400000)
 Metaspace       used 22525K, capacity 23352K, committed 23472K, reserved 1069056K
  class space    used 2782K, capacity 3010K, committed 3072K, reserved 1048576K
Event: 16.393 GC heap after
Heap after GC invocations=11 (full 1):
 PSYoungGen      total 36864K, used 5607K [0x00000000eb200000, 0x00000000eeb00000, 0x0000000100000000)
  eden space 31232K, 0% used [0x00000000eb200000,0x00000000eb200000,0x00000000ed080000)
  from space 5632K, 99% used [0x00000000ed680000,0x00000000edbf9e78,0x00000000edc00000)
  to   space 6144K, 0% used [0x00000000ed080000,0x00000000ed080000,0x00000000ed680000)
 ParOldGen       total 30720K, used 8240K [0x00000000c1600000, 0x00000000c3400000, 0x00000000eb200000)
  object space 30720K, 26% used [0x00000000c1600000,0x00000000c1e0c2b0,0x00000000c3400000)
 Metaspace       used 22525K, capacity 23352K, committed 23472K, reserved 1069056K
  class space    used 2782K, capacity 3010K, committed 3072K, reserved 1048576K
}

