# JRE version: Java(TM) SE Runtime Environment (8.0_391) (build 1.8.0_391-b13)
# Java VM: Java HotSpot(TM) 64-Bit Server VM (25.391-b13 mixed mode windows-amd64 compressed oops)
Heap:
 PSYoungGen      total 65024K, used 8323K [0x00000000eb200000, 0x00000000efd80000, 0x0000000100000000)
  eden space 58368K, 2% used [0x00000000eb200000,0x00000000eb3a7120,0x00000000eeb00000)
  from space 6656K, 99% used [0x00000000eeb00000,0x00000000ef179e88,0x00000000ef180000)
  to   space 8192K, 0% used [0x00000000ef580000,0x00000000ef580000,0x00000000efd80000)
 ParOldGen       total 36352K, used 10687K [0x00000000c1600000, 0x00000000c3980000, 0x00000000eb200000)
  object space 36352K, 29% used [0x00000000c1600000,0x00000000c206fdb0,0x00000000c3980000)
 Metaspace       used 27052K, capacity 28050K, committed 28208K, reserved 1073152K
  class space    used 3392K, capacity 3601K, committed 3632K, reserved 1048576K
GC Heap History (10 events):
Event: 4.203 GC heap before
{Heap before GC invocations=6 (full 0):
 PSYoungGen      total 34304K, used 34289K [0x00000000eb200000, 0x00000000ede00000, 0x0000000100000000)
  eden space 31744K, 100% used [0x00000000eb200000,0x00000000ed100000,0x00000000ed100000)
  from space 2560K, 99% used [0x00000000ed200000,0x00000000ed47c428,0x00000000ed480000)
  to   space 6656K, 0% used [0x00000000ed780000,0x00000000ed780000,0x00000000ede00000)
 ParOldGen       total 44032K, used 7363K [0x00000000c1600000, 0x00000000c4100000, 0x00000000eb200000)
  object space 44032K, 16% used [0x00000000c1600000,0x00000000c1d30c50,0x00000000c4100000)
 Metaspace       used 18769K, capacity 19132K, committed 19328K, reserved 1067008K
  class space    used 2226K, capacity 2330K, committed 2432K, reserved 1048576K
Event: 4.211 GC heap after
Heap after GC invocations=6 (full 0):
 PSYoungGen      total 37888K, used 5114K [0x00000000eb200000, 0x00000000efe00000, 0x0000000100000000)
  eden space 31232K, 0% used [0x00000000eb200000,0x00000000eb200000,0x00000000ed080000)
  from space 6656K, 76% used [0x00000000ed780000,0x00000000edc7eae0,0x00000000ede00000)
  to   space 7168K, 0% used [0x00000000ed080000,0x00000000ed080000,0x00000000ed780000)
 ParOldGen       total 44032K, used 7371K [0x00000000c1600000, 0x00000000c4100000, 0x00000000eb200000)
  object space 44032K, 16% used [0x00000000c1600000,0x00000000c1d32c50,0x00000000c4100000)
 Metaspace       used 18769K, capacity 19132K, committed 19328K, reserved 1067008K
  class space    used 2226K, capacity 2330K, committed 2432K, reserved 1048576K
}
Event: 4.522 GC heap before
{Heap before GC invocations=7 (full 0):
 PSYoungGen      total 37888K, used 28390K [0x00000000eb200000, 0x00000000efe00000, 0x0000000100000000)
  eden space 31232K, 74% used [0x00000000eb200000,0x00000000ec8bafb8,0x00000000ed080000)
  from space 6656K, 76% used [0x00000000ed780000,0x00000000edc7eae0,0x00000000ede00000)
  to   space 7168K, 0% used [0x00000000ed080000,0x00000000ed080000,0x00000000ed780000)
 ParOldGen       total 44032K, used 7371K [0x00000000c1600000, 0x00000000c4100000, 0x00000000eb200000)
  object space 44032K, 16% used [0x00000000c1600000,0x00000000c1d32c50,0x00000000c4100000)
 Metaspace       used 20896K, capacity 21250K, committed 21296K, reserved 1069056K
  class space    used 2490K, capacity 2587K, committed 2608K, reserved 1048576K
Event: 4.537 GC heap after
Heap after GC invocations=7 (full 0):
 PSYoungGen      total 38400K, used 4505K [0x00000000eb200000, 0x00000000efc00000, 0x0000000100000000)
  eden space 31232K, 0% used [0x00000000eb200000,0x00000000eb200000,0x00000000ed080000)
  from space 7168K, 62% used [0x00000000ed080000,0x00000000ed4e66d0,0x00000000ed780000)
  to   space 6656K, 0% used [0x00000000ef580000,0x00000000ef580000,0x00000000efc00000)
 ParOldGen       total 44032K, used 8135K [0x00000000c1600000, 0x00000000c4100000, 0x00000000eb200000)
  object space 44032K, 18% used [0x00000000c1600000,0x00000000c1df1c48,0x00000000c4100000)
 Metaspace       used 20896K, capacity 21250K, committed 21296K, reserved 1069056K
  class space    used 2490K, capacity 2587K, committed 2608K, reserved 1048576K
}
Event: 4.537 GC heap before
{Heap before GC invocations=8 (full 1):
 PSYoungGen      total 38400K, used 4505K [0x00000000eb200000, 0x00000000efc00000, 0x0000000100000000)
  eden space 31232K, 0% used [0x00000000eb200000,0x00000000eb200000,0x00000000ed080000)
  from space 7168K, 62% used [0x00000000ed080000,0x00000000ed4e66d0,0x00000000ed780000)
  to   space 6656K, 0% used [0x00000000ef580000,0x00000000ef580000,0x00000000efc00000)
 ParOldGen       total 44032K, used 8135K [0x00000000c1600000, 0x00000000c4100000, 0x00000000eb200000)
  object space 44032K, 18% used [0x00000000c1600000,0x00000000c1df1c48,0x00000000c4100000)
 Metaspace       used 20896K, capacity 21250K, committed 21296K, reserved 1069056K
  class space    used 2490K, capacity 2587K, committed 2608K, reserved 1048576K
Event: 4.604 GC heap after
Heap after GC invocations=8 (full 1):
 PSYoungGen      total 38400K, used 0K [0x00000000eb200000, 0x00000000efc00000, 0x0000000100000000)
  eden space 31232K, 0% used [0x00000000eb200000,0x00000000eb200000,0x00000000ed080000)
  from space 7168K, 0% used [0x00000000ed080000,0x00000000ed080000,0x00000000ed780000)
  to   space 6656K, 0% used [0x00000000ef580000,0x00000000ef580000,0x00000000efc00000)
 ParOldGen       total 36352K, used 9096K [0x00000000c1600000, 0x00000000c3980000, 0x00000000eb200000)
  object space 36352K, 25% used [0x00000000c1600000,0x00000000c1ee22e0,0x00000000c3980000)
 Metaspace       used 20896K, capacity 21250K, committed 21296K, reserved 1069056K
  class space    used 2490K, capacity 2587K, committed 2608K, reserved 1048576K
}
Event: 5.693 GC heap before
{Heap before GC invocations=9 (full 1):
 PSYoungGen      total 38400K, used 31232K [0x00000000eb200000, 0x00000000efc00000, 0x0000000100000000)
  eden space 31232K, 100% used [0x00000000eb200000,0x00000000ed080000,0x00000000ed080000)
  from space 7168K, 0% used [0x00000000ed080000,0x00000000ed080000,0x00000000ed780000)
  to   space 6656K, 0% used [0x00000000ef580000,0x00000000ef580000,0x00000000efc00000)
 ParOldGen       total 36352K, used 9096K [0x00000000c1600000, 0x00000000c3980000, 0x00000000eb200000)
  object space 36352K, 25% used [0x00000000c1600000,0x00000000c1ee22e0,0x00000000c3980000)
 Metaspace       used 23623K, capacity 24422K, committed 24624K, reserved 1071104K
  class space    used 2912K, capacity 3107K, committed 3120K, reserved 1048576K
Event: 5.701 GC heap after
Heap after GC invocations=9 (full 1):
 PSYoungGen      total 50176K, used 2487K [0x00000000eb200000, 0x00000000ef800000, 0x0000000100000000)
  eden space 47616K, 0% used [0x00000000eb200000,0x00000000eb200000,0x00000000ee080000)
  from space 2560K, 97% used [0x00000000ef580000,0x00000000ef7edc40,0x00000000ef800000)
  to   space 6656K, 0% used [0x00000000eeb00000,0x00000000eeb00000,0x00000000ef180000)
 ParOldGen       total 36352K, used 9104K [0x00000000c1600000, 0x00000000c3980000, 0x00000000eb200000)
  object space 36352K, 25% used [0x00000000c1600000,0x00000000c1ee42e0,0x00000000c3980000)
 Metaspace       used 23623K, capacity 24422K, committed 24624K, reserved 1071104K
  class space    used 2912K, capacity 3107K, committed 3120K, reserved 1048576K
}
Event: 1082.543 GC heap before
{Heap before GC invocations=10 (full 1):
 PSYoungGen      total 50176K, used 50103K [0x00000000eb200000, 0x00000000ef800000, 0x0000000100000000)
  eden space 47616K, 100% used [0x00000000eb200000,0x00000000ee080000,0x00000000ee080000)
  from space 2560K, 97% used [0x00000000ef580000,0x00000000ef7edc40,0x00000000ef800000)
  to   space 6656K, 0% used [0x00000000eeb00000,0x00000000eeb00000,0x00000000ef180000)
 ParOldGen       total 36352K, used 9104K [0x00000000c1600000, 0x00000000c3980000, 0x00000000eb200000)
  object space 36352K, 25% used [0x00000000c1600000,0x00000000c1ee42e0,0x00000000c3980000)
 Metaspace       used 26977K, capacity 27986K, committed 28208K, reserved 1073152K
  class space    used 3388K, capacity 3601K, committed 3632K, reserved 1048576K
Event: 1082.805 GC heap after
Heap after GC invocations=10 (full 1):
 PSYoungGen      total 65024K, used 6631K [0x00000000eb200000, 0x00000000efd80000, 0x0000000100000000)
  eden space 58368K, 0% used [0x00000000eb200000,0x00000000eb200000,0x00000000eeb00000)
  from space 6656K, 99% used [0x00000000eeb00000,0x00000000ef179e88,0x00000000ef180000)
  to   space 8192K, 0% used [0x00000000ef580000,0x00000000ef580000,0x00000000efd80000)
 ParOldGen       total 36352K, used 10687K [0x00000000c1600000, 0x00000000c3980000, 0x00000000eb200000)
  object space 36352K, 29% used [0x00000000c1600000,0x00000000c206fdb0,0x00000000c3980000)
 Metaspace       used 26977K, capacity 27986K, committed 28208K, reserved 1073152K
  class space    used 3388K, capacity 3601K, committed 3632K, reserved 1048576K
}

