# JRE version: Java(TM) SE Runtime Environment (8.0_391) (build 1.8.0_391-b13)
# Java VM: Java HotSpot(TM) 64-Bit Server VM (25.391-b13 mixed mode windows-amd64 compressed oops)
Heap:
 PSYoungGen      total 70656K, used 58603K [0x00000000eb200000, 0x00000000efd00000, 0x0000000100000000)
  eden space 65536K, 89% used [0x00000000eb200000,0x00000000eeb3ad40,0x00000000ef200000)
  from space 5120K, 0% used [0x00000000ef800000,0x00000000ef800000,0x00000000efd00000)
  to   space 5632K, 0% used [0x00000000ef200000,0x00000000ef200000,0x00000000ef780000)
 ParOldGen       total 33792K, used 8813K [0x00000000c1600000, 0x00000000c3700000, 0x00000000eb200000)
  object space 33792K, 26% used [0x00000000c1600000,0x00000000c1e9b610,0x00000000c3700000)
 Metaspace       used 24414K, capacity 25372K, committed 25600K, reserved 1071104K
  class space    used 3029K, capacity 3248K, committed 3328K, reserved 1048576K
GC Heap History (10 events):
Event: 2.609 GC heap before
{Heap before GC invocations=5 (full 0):
 PSYoungGen      total 18944K, used 18931K [0x00000000eb200000, 0x00000000ed700000, 0x0000000100000000)
  eden space 16384K, 100% used [0x00000000eb200000,0x00000000ec200000,0x00000000ec200000)
  from space 2560K, 99% used [0x00000000ec480000,0x00000000ec6fcf68,0x00000000ec700000)
  to   space 2560K, 0% used [0x00000000ec200000,0x00000000ec200000,0x00000000ec480000)
 ParOldGen       total 44032K, used 3644K [0x00000000c1600000, 0x00000000c4100000, 0x00000000eb200000)
  object space 44032K, 8% used [0x00000000c1600000,0x00000000c198f0e0,0x00000000c4100000)
 Metaspace       used 13361K, capacity 13678K, committed 13952K, reserved 1060864K
  class space    used 1493K, capacity 1629K, committed 1664K, reserved 1048576K
Event: 2.617 GC heap after
Heap after GC invocations=5 (full 0):
 PSYoungGen      total 18944K, used 2531K [0x00000000eb200000, 0x00000000edd00000, 0x0000000100000000)
  eden space 16384K, 0% used [0x00000000eb200000,0x00000000eb200000,0x00000000ec200000)
  from space 2560K, 98% used [0x00000000ec200000,0x00000000ec478f88,0x00000000ec480000)
  to   space 5632K, 0% used [0x00000000ed780000,0x00000000ed780000,0x00000000edd00000)
 ParOldGen       total 44032K, used 5958K [0x00000000c1600000, 0x00000000c4100000, 0x00000000eb200000)
  object space 44032K, 13% used [0x00000000c1600000,0x00000000c1bd1a38,0x00000000c4100000)
 Metaspace       used 13361K, capacity 13678K, committed 13952K, reserved 1060864K
  class space    used 1493K, capacity 1629K, committed 1664K, reserved 1048576K
}
Event: 3.061 GC heap before
{Heap before GC invocations=6 (full 0):
 PSYoungGen      total 18944K, used 18915K [0x00000000eb200000, 0x00000000edd00000, 0x0000000100000000)
  eden space 16384K, 100% used [0x00000000eb200000,0x00000000ec200000,0x00000000ec200000)
  from space 2560K, 98% used [0x00000000ec200000,0x00000000ec478f88,0x00000000ec480000)
  to   space 5632K, 0% used [0x00000000ed780000,0x00000000ed780000,0x00000000edd00000)
 ParOldGen       total 44032K, used 5958K [0x00000000c1600000, 0x00000000c4100000, 0x00000000eb200000)
  object space 44032K, 13% used [0x00000000c1600000,0x00000000c1bd1a38,0x00000000c4100000)
 Metaspace       used 14671K, capacity 15070K, committed 15232K, reserved 1062912K
  class space    used 1673K, capacity 1813K, committed 1920K, reserved 1048576K
Event: 3.068 GC heap after
Heap after GC invocations=6 (full 0):
 PSYoungGen      total 38400K, used 3944K [0x00000000eb200000, 0x00000000edd00000, 0x0000000100000000)
  eden space 32768K, 0% used [0x00000000eb200000,0x00000000eb200000,0x00000000ed200000)
  from space 5632K, 70% used [0x00000000ed780000,0x00000000edb5a200,0x00000000edd00000)
  to   space 5632K, 0% used [0x00000000ed200000,0x00000000ed200000,0x00000000ed780000)
 ParOldGen       total 44032K, used 5966K [0x00000000c1600000, 0x00000000c4100000, 0x00000000eb200000)
  object space 44032K, 13% used [0x00000000c1600000,0x00000000c1bd3a38,0x00000000c4100000)
 Metaspace       used 14671K, capacity 15070K, committed 15232K, reserved 1062912K
  class space    used 1673K, capacity 1813K, committed 1920K, reserved 1048576K
}
Event: 3.498 GC heap before
{Heap before GC invocations=7 (full 0):
 PSYoungGen      total 38400K, used 36712K [0x00000000eb200000, 0x00000000edd00000, 0x0000000100000000)
  eden space 32768K, 100% used [0x00000000eb200000,0x00000000ed200000,0x00000000ed200000)
  from space 5632K, 70% used [0x00000000ed780000,0x00000000edb5a200,0x00000000edd00000)
  to   space 5632K, 0% used [0x00000000ed200000,0x00000000ed200000,0x00000000ed780000)
 ParOldGen       total 44032K, used 5966K [0x00000000c1600000, 0x00000000c4100000, 0x00000000eb200000)
  object space 44032K, 13% used [0x00000000c1600000,0x00000000c1bd3a38,0x00000000c4100000)
 Metaspace       used 18128K, capacity 18500K, committed 18688K, reserved 1064960K
  class space    used 2112K, capacity 2230K, committed 2304K, reserved 1048576K
Event: 3.504 GC heap after
Heap after GC invocations=7 (full 0):
 PSYoungGen      total 38400K, used 4845K [0x00000000eb200000, 0x00000000efe00000, 0x0000000100000000)
  eden space 32768K, 0% used [0x00000000eb200000,0x00000000eb200000,0x00000000ed200000)
  from space 5632K, 86% used [0x00000000ed200000,0x00000000ed6bb548,0x00000000ed780000)
  to   space 6144K, 0% used [0x00000000ef800000,0x00000000ef800000,0x00000000efe00000)
 ParOldGen       total 44032K, used 6914K [0x00000000c1600000, 0x00000000c4100000, 0x00000000eb200000)
  object space 44032K, 15% used [0x00000000c1600000,0x00000000c1cc0a30,0x00000000c4100000)
 Metaspace       used 18128K, capacity 18500K, committed 18688K, reserved 1064960K
  class space    used 2112K, capacity 2230K, committed 2304K, reserved 1048576K
}
Event: 4.694 GC heap before
{Heap before GC invocations=8 (full 0):
 PSYoungGen      total 38400K, used 29608K [0x00000000eb200000, 0x00000000efe00000, 0x0000000100000000)
  eden space 32768K, 75% used [0x00000000eb200000,0x00000000eca2ed60,0x00000000ed200000)
  from space 5632K, 86% used [0x00000000ed200000,0x00000000ed6bb548,0x00000000ed780000)
  to   space 6144K, 0% used [0x00000000ef800000,0x00000000ef800000,0x00000000efe00000)
 ParOldGen       total 44032K, used 6914K [0x00000000c1600000, 0x00000000c4100000, 0x00000000eb200000)
  object space 44032K, 15% used [0x00000000c1600000,0x00000000c1cc0a30,0x00000000c4100000)
 Metaspace       used 20513K, capacity 21288K, committed 21296K, reserved 1069056K
  class space    used 2479K, capacity 2686K, committed 2688K, reserved 1048576K
Event: 4.701 GC heap after
Heap after GC invocations=8 (full 0):
 PSYoungGen      total 70656K, used 3766K [0x00000000eb200000, 0x00000000efd00000, 0x0000000100000000)
  eden space 65536K, 0% used [0x00000000eb200000,0x00000000eb200000,0x00000000ef200000)
  from space 5120K, 73% used [0x00000000ef800000,0x00000000efbadb38,0x00000000efd00000)
  to   space 5632K, 0% used [0x00000000ef200000,0x00000000ef200000,0x00000000ef780000)
 ParOldGen       total 44032K, used 7954K [0x00000000c1600000, 0x00000000c4100000, 0x00000000eb200000)
  object space 44032K, 18% used [0x00000000c1600000,0x00000000c1dc4a30,0x00000000c4100000)
 Metaspace       used 20513K, capacity 21288K, committed 21296K, reserved 1069056K
  class space    used 2479K, capacity 2686K, committed 2688K, reserved 1048576K
}
Event: 4.701 GC heap before
{Heap before GC invocations=9 (full 1):
 PSYoungGen      total 70656K, used 3766K [0x00000000eb200000, 0x00000000efd00000, 0x0000000100000000)
  eden space 65536K, 0% used [0x00000000eb200000,0x00000000eb200000,0x00000000ef200000)
  from space 5120K, 73% used [0x00000000ef800000,0x00000000efbadb38,0x00000000efd00000)
  to   space 5632K, 0% used [0x00000000ef200000,0x00000000ef200000,0x00000000ef780000)
 ParOldGen       total 44032K, used 7954K [0x00000000c1600000, 0x00000000c4100000, 0x00000000eb200000)
  object space 44032K, 18% used [0x00000000c1600000,0x00000000c1dc4a30,0x00000000c4100000)
 Metaspace       used 20513K, capacity 21288K, committed 21296K, reserved 1069056K
  class space    used 2479K, capacity 2686K, committed 2688K, reserved 1048576K
Event: 4.736 GC heap after
Heap after GC invocations=9 (full 1):
 PSYoungGen      total 70656K, used 0K [0x00000000eb200000, 0x00000000efd00000, 0x0000000100000000)
  eden space 65536K, 0% used [0x00000000eb200000,0x00000000eb200000,0x00000000ef200000)
  from space 5120K, 0% used [0x00000000ef800000,0x00000000ef800000,0x00000000efd00000)
  to   space 5632K, 0% used [0x00000000ef200000,0x00000000ef200000,0x00000000ef780000)
 ParOldGen       total 33792K, used 8813K [0x00000000c1600000, 0x00000000c3700000, 0x00000000eb200000)
  object space 33792K, 26% used [0x00000000c1600000,0x00000000c1e9b610,0x00000000c3700000)
 Metaspace       used 20513K, capacity 21288K, committed 21296K, reserved 1069056K
  class space    used 2479K, capacity 2686K, committed 2688K, reserved 1048576K
}

