# JRE version: Java(TM) SE Runtime Environment (8.0_391) (build 1.8.0_391-b13)
# Java VM: Java HotSpot(TM) 64-Bit Server VM (25.391-b13 mixed mode windows-amd64 compressed oops)
Heap:
 PSYoungGen      total 36864K, used 32207K [0x00000000eb200000, 0x00000000eec80000, 0x0000000100000000)
  eden space 30208K, 100% used [0x00000000eb200000,0x00000000ecf80000,0x00000000ecf80000)
  from space 6656K, 30% used [0x00000000ed600000,0x00000000ed7f3e50,0x00000000edc80000)
  to   space 6656K, 80% used [0x00000000ecf80000,0x00000000ed4b8010,0x00000000ed600000)
 ParOldGen       total 35840K, used 8539K [0x00000000c1600000, 0x00000000c3900000, 0x00000000eb200000)
  object space 35840K, 23% used [0x00000000c1600000,0x00000000c1e56d50,0x00000000c3900000)
 Metaspace       used 24319K, capacity 25292K, committed 25600K, reserved 1071104K
  class space    used 3023K, capacity 3246K, committed 3328K, reserved 1048576K
GC Heap History (10 events):
Event: 2.843 GC heap after
Heap after GC invocations=5 (full 0):
 PSYoungGen      total 34304K, used 2531K [0x00000000eb200000, 0x00000000ede00000, 0x0000000100000000)
  eden space 31744K, 0% used [0x00000000eb200000,0x00000000eb200000,0x00000000ed100000)
  from space 2560K, 98% used [0x00000000ed200000,0x00000000ed478f98,0x00000000ed480000)
  to   space 6656K, 0% used [0x00000000ed780000,0x00000000ed780000,0x00000000ede00000)
 ParOldGen       total 44032K, used 7242K [0x00000000c1600000, 0x00000000c4100000, 0x00000000eb200000)
  object space 44032K, 16% used [0x00000000c1600000,0x00000000c1d12a90,0x00000000c4100000)
 Metaspace       used 14674K, capacity 15076K, committed 15232K, reserved 1062912K
  class space    used 1672K, capacity 1814K, committed 1920K, reserved 1048576K
}
Event: 3.761 GC heap before
{Heap before GC invocations=6 (full 0):
 PSYoungGen      total 34304K, used 34275K [0x00000000eb200000, 0x00000000ede00000, 0x0000000100000000)
  eden space 31744K, 100% used [0x00000000eb200000,0x00000000ed100000,0x00000000ed100000)
  from space 2560K, 98% used [0x00000000ed200000,0x00000000ed478f98,0x00000000ed480000)
  to   space 6656K, 0% used [0x00000000ed780000,0x00000000ed780000,0x00000000ede00000)
 ParOldGen       total 44032K, used 7242K [0x00000000c1600000, 0x00000000c4100000, 0x00000000eb200000)
  object space 44032K, 16% used [0x00000000c1600000,0x00000000c1d12a90,0x00000000c4100000)
 Metaspace       used 18073K, capacity 18436K, committed 18688K, reserved 1064960K
  class space    used 2105K, capacity 2230K, committed 2304K, reserved 1048576K
Event: 3.767 GC heap after
Heap after GC invocations=6 (full 0):
 PSYoungGen      total 37376K, used 5343K [0x00000000eb200000, 0x00000000ede00000, 0x0000000100000000)
  eden space 30720K, 0% used [0x00000000eb200000,0x00000000eb200000,0x00000000ed000000)
  from space 6656K, 80% used [0x00000000ed780000,0x00000000edcb7c88,0x00000000ede00000)
  to   space 7168K, 0% used [0x00000000ed000000,0x00000000ed000000,0x00000000ed700000)
 ParOldGen       total 44032K, used 7250K [0x00000000c1600000, 0x00000000c4100000, 0x00000000eb200000)
  object space 44032K, 16% used [0x00000000c1600000,0x00000000c1d14a90,0x00000000c4100000)
 Metaspace       used 18073K, capacity 18436K, committed 18688K, reserved 1064960K
  class space    used 2105K, capacity 2230K, committed 2304K, reserved 1048576K
}
Event: 4.919 GC heap before
{Heap before GC invocations=7 (full 0):
 PSYoungGen      total 37376K, used 29758K [0x00000000eb200000, 0x00000000ede00000, 0x0000000100000000)
  eden space 30720K, 79% used [0x00000000eb200000,0x00000000ec9d7f20,0x00000000ed000000)
  from space 6656K, 80% used [0x00000000ed780000,0x00000000edcb7c88,0x00000000ede00000)
  to   space 7168K, 0% used [0x00000000ed000000,0x00000000ed000000,0x00000000ed700000)
 ParOldGen       total 44032K, used 7250K [0x00000000c1600000, 0x00000000c4100000, 0x00000000eb200000)
  object space 44032K, 16% used [0x00000000c1600000,0x00000000c1d14a90,0x00000000c4100000)
 Metaspace       used 20406K, capacity 21188K, committed 21296K, reserved 1069056K
  class space    used 2466K, capacity 2676K, committed 2688K, reserved 1048576K
Event: 4.924 GC heap after
Heap after GC invocations=7 (full 0):
 PSYoungGen      total 34816K, used 4312K [0x00000000eb200000, 0x00000000edc80000, 0x0000000100000000)
  eden space 30208K, 0% used [0x00000000eb200000,0x00000000eb200000,0x00000000ecf80000)
  from space 4608K, 93% used [0x00000000ed000000,0x00000000ed436170,0x00000000ed480000)
  to   space 6656K, 0% used [0x00000000ed600000,0x00000000ed600000,0x00000000edc80000)
 ParOldGen       total 44032K, used 8214K [0x00000000c1600000, 0x00000000c4100000, 0x00000000eb200000)
  object space 44032K, 18% used [0x00000000c1600000,0x00000000c1e05a88,0x00000000c4100000)
 Metaspace       used 20406K, capacity 21188K, committed 21296K, reserved 1069056K
  class space    used 2466K, capacity 2676K, committed 2688K, reserved 1048576K
}
Event: 4.924 GC heap before
{Heap before GC invocations=8 (full 1):
 PSYoungGen      total 34816K, used 4312K [0x00000000eb200000, 0x00000000edc80000, 0x0000000100000000)
  eden space 30208K, 0% used [0x00000000eb200000,0x00000000eb200000,0x00000000ecf80000)
  from space 4608K, 93% used [0x00000000ed000000,0x00000000ed436170,0x00000000ed480000)
  to   space 6656K, 0% used [0x00000000ed600000,0x00000000ed600000,0x00000000edc80000)
 ParOldGen       total 44032K, used 8214K [0x00000000c1600000, 0x00000000c4100000, 0x00000000eb200000)
  object space 44032K, 18% used [0x00000000c1600000,0x00000000c1e05a88,0x00000000c4100000)
 Metaspace       used 20406K, capacity 21188K, committed 21296K, reserved 1069056K
  class space    used 2466K, capacity 2676K, committed 2688K, reserved 1048576K
Event: 4.954 GC heap after
Heap after GC invocations=8 (full 1):
 PSYoungGen      total 34816K, used 0K [0x00000000eb200000, 0x00000000edc80000, 0x0000000100000000)
  eden space 30208K, 0% used [0x00000000eb200000,0x00000000eb200000,0x00000000ecf80000)
  from space 4608K, 0% used [0x00000000ed000000,0x00000000ed000000,0x00000000ed480000)
  to   space 6656K, 0% used [0x00000000ed600000,0x00000000ed600000,0x00000000edc80000)
 ParOldGen       total 35840K, used 8523K [0x00000000c1600000, 0x00000000c3900000, 0x00000000eb200000)
  object space 35840K, 23% used [0x00000000c1600000,0x00000000c1e52d50,0x00000000c3900000)
 Metaspace       used 20406K, capacity 21188K, committed 21296K, reserved 1069056K
  class space    used 2466K, capacity 2676K, committed 2688K, reserved 1048576K
}
Event: 6.070 GC heap before
{Heap before GC invocations=9 (full 1):
 PSYoungGen      total 34816K, used 26951K [0x00000000eb200000, 0x00000000edc80000, 0x0000000100000000)
  eden space 30208K, 89% used [0x00000000eb200000,0x00000000ecc51d20,0x00000000ecf80000)
  from space 4608K, 0% used [0x00000000ed000000,0x00000000ed000000,0x00000000ed480000)
  to   space 6656K, 0% used [0x00000000ed600000,0x00000000ed600000,0x00000000edc80000)
 ParOldGen       total 35840K, used 8523K [0x00000000c1600000, 0x00000000c3900000, 0x00000000eb200000)
  object space 35840K, 23% used [0x00000000c1600000,0x00000000c1e52d50,0x00000000c3900000)
 Metaspace       used 22403K, capacity 23160K, committed 23472K, reserved 1069056K
  class space    used 2756K, capacity 2946K, committed 3072K, reserved 1048576K
Event: 6.076 GC heap after
Heap after GC invocations=9 (full 1):
 PSYoungGen      total 36864K, used 1999K [0x00000000eb200000, 0x00000000eec80000, 0x0000000100000000)
  eden space 30208K, 0% used [0x00000000eb200000,0x00000000eb200000,0x00000000ecf80000)
  from space 6656K, 30% used [0x00000000ed600000,0x00000000ed7f3e50,0x00000000edc80000)
  to   space 6656K, 0% used [0x00000000ecf80000,0x00000000ecf80000,0x00000000ed600000)
 ParOldGen       total 35840K, used 8531K [0x00000000c1600000, 0x00000000c3900000, 0x00000000eb200000)
  object space 35840K, 23% used [0x00000000c1600000,0x00000000c1e54d50,0x00000000c3900000)
 Metaspace       used 22403K, capacity 23160K, committed 23472K, reserved 1069056K
  class space    used 2756K, capacity 2946K, committed 3072K, reserved 1048576K
}
Event: 7345.106 GC heap before
{Heap before GC invocations=10 (full 1):
 PSYoungGen      total 36864K, used 32207K [0x00000000eb200000, 0x00000000eec80000, 0x0000000100000000)
  eden space 30208K, 100% used [0x00000000eb200000,0x00000000ecf80000,0x00000000ecf80000)
  from space 6656K, 30% used [0x00000000ed600000,0x00000000ed7f3e50,0x00000000edc80000)
  to   space 6656K, 0% used [0x00000000ecf80000,0x00000000ecf80000,0x00000000ed600000)
 ParOldGen       total 35840K, used 8531K [0x00000000c1600000, 0x00000000c3900000, 0x00000000eb200000)
  object space 35840K, 23% used [0x00000000c1600000,0x00000000c1e54d50,0x00000000c3900000)
 Metaspace       used 24319K, capacity 25292K, committed 25600K, reserved 1071104K
  class space    used 3023K, capacity 3246K, committed 3328K, reserved 1048576K

